Using pre-set license
Built from '2020.2/release' branch; Version is '2020.2.2f1 (068178b99f32) revision 426360'; Using compiler version '192528614'; Build Type 'Release'
OS: 'Windows 10 Pro N; OS build 19043.1110; Version 2009; 64bit' Language: 'en' Physical Memory: 32718 MB
BatchMode: 1, IsHumanControllingUs: 0, StartBugReporterOnCrash: 0, Is64bit: 1, IsPro: 0

 COMMAND LINE ARGUMENTS:
C:\Program Files\Unity\Hub\Editor\2020.2.2f1\Editor\Unity.exe
-adb2
-batchMode
-noUpm
-name
AssetImportWorker0
-projectPath
C:/Users/Gabriel/Desktop/Git/Board Game Practice
-logFile
Logs/AssetImportWorker0.log
-srvPort
51012
Successfully changed project path to: C:/Users/Gabriel/Desktop/Git/Board Game Practice
C:/Users/Gabriel/Desktop/Git/Board Game Practice
Using Asset Import Pipeline V2.
Refreshing native plugins compatible for Editor in 20.83 ms, found 0 plugins.
Preloading 0 native plugins for Editor in 0.00 ms.
Initialize engine version: 2020.2.2f1 (068178b99f32)
[Subsystems] Discovering subsystems at path C:/Program Files/Unity/Hub/Editor/2020.2.2f1/Editor/Data/Resources/UnitySubsystems
[Subsystems] Discovering subsystems at path C:/Users/Gabriel/Desktop/Git/Board Game Practice/Assets
GfxDevice: creating device client; threaded=0
Direct3D:
    Version:  Direct3D 11.0 [level 11.1]
    Renderer: NVIDIA GeForce GTX 1080 (ID=0x1b80)
    Vendor:   
    VRAM:     8079 MB
    Driver:   30.0.14.7141
Initialize mono
Mono path[0] = 'C:/Program Files/Unity/Hub/Editor/2020.2.2f1/Editor/Data/Managed'
Mono path[1] = 'C:/Program Files/Unity/Hub/Editor/2020.2.2f1/Editor/Data/MonoBleedingEdge/lib/mono/unityjit'
Mono config path = 'C:/Program Files/Unity/Hub/Editor/2020.2.2f1/Editor/Data/MonoBleedingEdge/etc'
Using monoOptions --debugger-agent=transport=dt_socket,embedding=1,server=y,suspend=n,address=127.0.0.1:56256
Begin MonoManager ReloadAssembly
Registering precompiled unity dll's ...
Register platform support module: C:/Program Files/Unity/Hub/Editor/2020.2.2f1/Editor/Data/PlaybackEngines/WindowsStandaloneSupport/UnityEditor.WindowsStandalone.Extensions.dll
Registered in 0.001671 seconds.
Native extension for WindowsStandalone target not found
Refreshing native plugins compatible for Editor in 19.73 ms, found 0 plugins.
Preloading 0 native plugins for Editor in 0.00 ms.
Invoked RoslynAnalysisRunner static constructor.
RoslynAnalysisRunner will not be running.
RoslynAnalysisRunner has terminated.
Mono: successfully reloaded assembly
- Completed reload, in  0.824 seconds
Platform modules already initialized, skipping
Registering precompiled user dll's ...
Registered in 0.000538 seconds.
Begin MonoManager ReloadAssembly
Native extension for WindowsStandalone target not found
Refreshing native plugins compatible for Editor in 0.24 ms, found 0 plugins.
Preloading 0 native plugins for Editor in 0.00 ms.
Invoked RoslynAnalysisRunner static constructor.
RoslynAnalysisRunner will not be running.
RoslynAnalysisRunner has terminated.
Mono: successfully reloaded assembly
- Completed reload, in  0.627 seconds
Platform modules already initialized, skipping
========================================================================
Worker process is ready to serve import requests
Launched and connected shader compiler UnityShaderCompiler.exe after 0.03 seconds
Refreshing native plugins compatible for Editor in 0.37 ms, found 0 plugins.
Preloading 0 native plugins for Editor in 0.00 ms.
Unloading 1115 Unused Serialized files (Serialized files now loaded: 0)
System memory in use before: 57.2 MB.
System memory in use after: 57.2 MB.

Unloading 10 unused Assets to reduce memory usage. Loaded Objects now: 1557.
Total: 1.536600 ms (FindLiveObjects: 0.142600 ms CreateObjectMapping: 0.029200 ms MarkObjects: 1.298800 ms  DeleteObjects: 0.065000 ms)

========================================================================
Received Import Request.
  path: Assets/Scripts/BlackKnightQuest.cs
  artifactKey: Guid(59195277eb3ab5e42b15daedb823ba89) Importer(815301076,1909f56bfc062723c751e8b465ee728b)
Start importing Assets/Scripts/BlackKnightQuest.cs using Guid(59195277eb3ab5e42b15daedb823ba89) Importer(815301076,1909f56bfc062723c751e8b465ee728b)  -> (artifact id: '44ed444699cf5fc1aec331bc3cde2235') in 0.025294 seconds
  Import took 0.026936 seconds .

========================================================================
Received Import Request.
  Time since last request: 30.445551 seconds.
  path: Assets/Scripts/Camelot.cs
  artifactKey: Guid(ea74718bb8fc8da4790ec4b17a8f24ce) Importer(815301076,1909f56bfc062723c751e8b465ee728b)
Start importing Assets/Scripts/Camelot.cs using Guid(ea74718bb8fc8da4790ec4b17a8f24ce) Importer(815301076,1909f56bfc062723c751e8b465ee728b)  -> (artifact id: '1bdff10b2b8d02a4e112131829d72779') in 0.005506 seconds
  Import took 0.007609 seconds .

AssetImportWorkerClient::OnTransportError - code=2 error=End of file
